c:\users\administrator\desktop\bds\bdxcore_mod\bdspyrunner.lib
c:\users\administrator\desktop\bds\bdxcore_mod\bdspyrunner.exp
c:\users\administrator\desktop\bdspyrunner\bdspyrunner\x64\release\vc142.pdb
c:\users\administrator\desktop\bdspyrunner\bdspyrunner\x64\release\block.obj
c:\users\administrator\desktop\bdspyrunner\bdspyrunner\x64\release\tag.obj
c:\users\administrator\desktop\bdspyrunner\bdspyrunner\x64\release\structure.obj
c:\users\administrator\desktop\bdspyrunner\bdspyrunner\x64\release\scoreboard.obj
c:\users\administrator\desktop\bdspyrunner\bdspyrunner\x64\release\network.obj
c:\users\administrator\desktop\bdspyrunner\bdspyrunner\x64\release\itemstack.obj
c:\users\administrator\desktop\bdspyrunner\bdspyrunner\x64\release\actor.obj
c:\users\administrator\desktop\bdspyrunner\bdspyrunner\x64\release\level.obj
c:\users\administrator\desktop\bdspyrunner\bdspyrunner\x64\release\mod.obj
c:\users\administrator\desktop\bds\bdxcore_mod\bdspyrunner.dll
c:\users\administrator\desktop\bdspyrunner\bdspyrunner\x64\release\bdspyrunner.ipdb
c:\users\administrator\desktop\bdspyrunner\bdspyrunner\x64\release\bdspyrunner.iobj
c:\users\administrator\desktop\bds\bdxcore_mod\bdspyrunner.pdb
c:\users\administrator\desktop\bdspyrunner\bdspyrunner\x64\release\bdspyrunner.tlog\bdspyrunner.write.1u.tlog
c:\users\administrator\desktop\bdspyrunner\bdspyrunner\x64\release\bdspyrunner.tlog\cl.command.1.tlog
c:\users\administrator\desktop\bdspyrunner\bdspyrunner\x64\release\bdspyrunner.tlog\cl.read.1.tlog
c:\users\administrator\desktop\bdspyrunner\bdspyrunner\x64\release\bdspyrunner.tlog\cl.write.1.tlog
c:\users\administrator\desktop\bdspyrunner\bdspyrunner\x64\release\bdspyrunner.tlog\link.command.1.tlog
c:\users\administrator\desktop\bdspyrunner\bdspyrunner\x64\release\bdspyrunner.tlog\link.read.1.tlog
c:\users\administrator\desktop\bdspyrunner\bdspyrunner\x64\release\bdspyrunner.tlog\link.write.1.tlog
