  Actor.cpp
  Block.cpp
  ItemStack.cpp
  Level.cpp
  NetWork.cpp
  ScoreBoard.cpp
  Structure.cpp
  Tag.cpp
  mod.cpp
mod.obj : error LNK2001: 无法解析的外部符号 "public: struct BlockPos * __cdecl BlockActor::getPosition(void)" (?getPosition@BlockActor@@QEAAPEAUBlockPos@@XZ)
mod.obj : error LNK2001: 无法解析的外部符号 "public: void __cdecl Player::resendAllChunks(void)" (?resendAllChunks@Player@@QEAAXXZ)
mod.obj : error LNK2001: 无法解析的外部符号 "public: void __cdecl Player::sendInventroy(void)" (?sendInventroy@Player@@QEAAXXZ)
mod.obj : error LNK2001: 无法解析的外部符号 "public: int __cdecl Player::getDeviceOS(void)" (?getDeviceOS@Player@@QEAAHXZ)
mod.obj : error LNK2001: 无法解析的外部符号 "public: class std::basic_string<char,struct std::char_traits<char>,class std::allocator<char> > __cdecl Player::getDeviceId(void)" (?getDeviceId@Player@@QEAA?AV?$basic_string@DU?$char_traits@D@std@@V?$allocator@D@2@@std@@XZ)
mod.obj : error LNK2001: 无法解析的外部符号 "public: void __cdecl Player::setPermissions(char)" (?setPermissions@Player@@QEAAXD@Z)
mod.obj : error LNK2001: 无法解析的外部符号 "public: char __cdecl Player::getPermissions(void)" (?getPermissions@Player@@QEAADXZ)
mod.obj : error LNK2001: 无法解析的外部符号 "public: struct ItemStack * __cdecl Player::getSelectedItem(void)" (?getSelectedItem@Player@@QEAAPEAUItemStack@@XZ)
mod.obj : error LNK2001: 无法解析的外部符号 "public: void __cdecl Player::addLevel(int)" (?addLevel@Player@@QEAAXH@Z)
mod.obj : error LNK2001: 无法解析的外部符号 "public: void __cdecl Player::addItem(struct ItemStack *)" (?addItem@Player@@QEAAXPEAUItemStack@@@Z)
mod.obj : error LNK2001: 无法解析的外部符号 "public: struct Container * __cdecl Player::getEnderChestContainer(void)" (?getEnderChestContainer@Player@@QEAAPEAUContainer@@XZ)
mod.obj : error LNK2001: 无法解析的外部符号 "public: struct Container * __cdecl Player::getArmorContainer(void)" (?getArmorContainer@Player@@QEAAPEAUContainer@@XZ)
mod.obj : error LNK2001: 无法解析的外部符号 "public: struct Container * __cdecl Player::getInventory(void)" (?getInventory@Player@@QEAAPEAUContainer@@XZ)
mod.obj : error LNK2001: 无法解析的外部符号 "public: struct NetworkIdentifier * __cdecl Player::getClientId(void)" (?getClientId@Player@@QEAAPEAUNetworkIdentifier@@XZ)
mod.obj : error LNK2001: 无法解析的外部符号 "public: void __cdecl Player::setName(class std::basic_string<char,struct std::char_traits<char>,class std::allocator<char> > const &)" (?setName@Player@@QEAAXAEBV?$basic_string@DU?$char_traits@D@std@@V?$allocator@D@2@@std@@@Z)
mod.obj : error LNK2001: 无法解析的外部符号 "public: class std::basic_string<char,struct std::char_traits<char>,class std::allocator<char> > & __cdecl Player::getXuid(void)" (?getXuid@Player@@QEAAAEAV?$basic_string@DU?$char_traits@D@std@@V?$allocator@D@2@@std@@XZ)
mod.obj : error LNK2001: 无法解析的外部符号 "public: void __cdecl Player::sendPacket(unsigned __int64)" (?sendPacket@Player@@QEAAX_K@Z)
mod.obj : error LNK2001: 无法解析的外部符号 "public: class std::basic_string<char,struct std::char_traits<char>,class std::allocator<char> > __cdecl Player::getUuid(void)" (?getUuid@Player@@QEAA?AV?$basic_string@DU?$char_traits@D@std@@V?$allocator@D@2@@std@@XZ)
mod.obj : error LNK2001: 无法解析的外部符号 "public: struct Player * __cdecl ServerNetworkHandler::_getServerPlayer(unsigned __int64,unsigned __int64)" (?_getServerPlayer@ServerNetworkHandler@@QEAAPEAUPlayer@@_K0@Z)
mod.obj : error LNK2001: 无法解析的外部符号 "public: struct span<class std::basic_string<char,struct std::char_traits<char>,class std::allocator<char> > > __cdecl Actor::getTags(void)" (?getTags@Actor@@QEAA?AU?$span@V?$basic_string@DU?$char_traits@D@std@@V?$allocator@D@2@@std@@@@XZ)
mod.obj : error LNK2001: 无法解析的外部符号 "public: bool __cdecl Actor::removeTag(class std::basic_string<char,struct std::char_traits<char>,class std::allocator<char> > const &)" (?removeTag@Actor@@QEAA_NAEBV?$basic_string@DU?$char_traits@D@std@@V?$allocator@D@2@@std@@@Z)
mod.obj : error LNK2001: 无法解析的外部符号 "public: bool __cdecl Actor::addTag(class std::basic_string<char,struct std::char_traits<char>,class std::allocator<char> > const &)" (?addTag@Actor@@QEAA_NAEBV?$basic_string@DU?$char_traits@D@std@@V?$allocator@D@2@@std@@@Z)
mod.obj : error LNK2001: 无法解析的外部符号 "public: void __cdecl Actor::teleport(struct Vec3 *,int)" (?teleport@Actor@@QEAAXPEAUVec3@@H@Z)
mod.obj : error LNK2001: 无法解析的外部符号 "public: bool __cdecl Actor::isSneaking(void)" (?isSneaking@Actor@@QEAA_NXZ)
mod.obj : error LNK2001: 无法解析的外部符号 "public: struct Tag * __cdecl Actor::save(void)" (?save@Actor@@QEAAPEAUTag@@XZ)
mod.obj : error LNK2001: 无法解析的外部符号 "public: struct ItemStack * __cdecl Actor::getOffHand(void)" (?getOffHand@Actor@@QEAAPEAUItemStack@@XZ)
mod.obj : error LNK2001: 无法解析的外部符号 "public: void __cdecl Actor::setMaxHealth(int)" (?setMaxHealth@Actor@@QEAAXH@Z)
mod.obj : error LNK2001: 无法解析的外部符号 "public: void __cdecl Actor::setHealth(int)" (?setHealth@Actor@@QEAAXH@Z)
mod.obj : error LNK2001: 无法解析的外部符号 "public: int __cdecl Actor::getMaxHealth(void)" (?getMaxHealth@Actor@@QEAAHXZ)
mod.obj : error LNK2001: 无法解析的外部符号 "public: int __cdecl Actor::getHealth(void)" (?getHealth@Actor@@QEAAHXZ)
mod.obj : error LNK2001: 无法解析的外部符号 "public: struct Level * __cdecl Actor::getLevel(void)" (?getLevel@Actor@@QEAAPEAULevel@@XZ)
mod.obj : error LNK2001: 无法解析的外部符号 "public: class std::basic_string<char,struct std::char_traits<char>,class std::allocator<char> > __cdecl Actor::getEntityTypeName(void)" (?getEntityTypeName@Actor@@QEAA?AV?$basic_string@DU?$char_traits@D@std@@V?$allocator@D@2@@std@@XZ)
mod.obj : error LNK2001: 无法解析的外部符号 "public: unsigned __int64 __cdecl Actor::getUniqueID(void)" (?getUniqueID@Actor@@QEAA_KXZ)
mod.obj : error LNK2001: 无法解析的外部符号 "public: unsigned int __cdecl Actor::getEntityTypeId(void)" (?getEntityTypeId@Actor@@QEAAIXZ)
mod.obj : error LNK2001: 无法解析的外部符号 "public: struct BlockSource * __cdecl Actor::getRegion(void)" (?getRegion@Actor@@QEAAPEAUBlockSource@@XZ)
mod.obj : error LNK2001: 无法解析的外部符号 "public: bool __cdecl Actor::isStand(void)" (?isStand@Actor@@QEAA_NXZ)
mod.obj : error LNK2001: 无法解析的外部符号 "public: struct Vec3 * __cdecl Actor::getPos(void)" (?getPos@Actor@@QEAAPEAUVec3@@XZ)
mod.obj : error LNK2001: 无法解析的外部符号 "public: int __cdecl Actor::getDimensionId(void)" (?getDimensionId@Actor@@QEAAHXZ)
mod.obj : error LNK2001: 无法解析的外部符号 "public: class std::basic_string<char,struct std::char_traits<char>,class std::allocator<char> > __cdecl Actor::getNameTag(void)" (?getNameTag@Actor@@QEAA?AV?$basic_string@DU?$char_traits@D@std@@V?$allocator@D@2@@std@@XZ)
mod.obj : error LNK2001: 无法解析的外部符号 "public: struct ScoreboardId * __cdecl Scoreboard::createScoreBoardId(class std::basic_string<char,struct std::char_traits<char>,class std::allocator<char> > const &)" (?createScoreBoardId@Scoreboard@@QEAAPEAUScoreboardId@@AEBV?$basic_string@DU?$char_traits@D@std@@V?$allocator@D@2@@std@@@Z)
mod.obj : error LNK2001: 无法解析的外部符号 "public: int __cdecl Scoreboard::modifyPlayerScore(struct ScoreboardId *,struct Objective *,int,int)" (?modifyPlayerScore@Scoreboard@@QEAAHPEAUScoreboardId@@PEAUObjective@@HH@Z)
mod.obj : error LNK2001: 无法解析的外部符号 "public: struct ScoreboardId * __cdecl Scoreboard::getScoreboardId(struct Player *)" (?getScoreboardId@Scoreboard@@QEAAPEAUScoreboardId@@PEAUPlayer@@@Z)
mod.obj : error LNK2001: 无法解析的外部符号 "public: struct Objective * __cdecl Scoreboard::getObjective(class std::basic_string<char,struct std::char_traits<char>,class std::allocator<char> >)" (?getObjective@Scoreboard@@QEAAPEAUObjective@@V?$basic_string@DU?$char_traits@D@std@@V?$allocator@D@2@@std@@@Z)
mod.obj : error LNK2001: 无法解析的外部符号 "public: int __cdecl BlockSource::getDimensionId(void)" (?getDimensionId@BlockSource@@QEAAHXZ)
mod.obj : error LNK2001: 无法解析的外部符号 "public: void __cdecl BlockSource::neighborChanged(struct BlockPos const *)" (?neighborChanged@BlockSource@@QEAAXPEBUBlockPos@@@Z)
mod.obj : error LNK2001: 无法解析的外部符号 "public: bool __cdecl BlockSource::setBlock(struct Block *,struct BlockPos *)" (?setBlock@BlockSource@@QEAA_NPEAUBlock@@PEAUBlockPos@@@Z)
mod.obj : error LNK2001: 无法解析的外部符号 "public: struct Block * __cdecl BlockSource::getBlock(struct BlockPos const *)" (?getBlock@BlockSource@@QEAAPEAUBlock@@PEBUBlockPos@@@Z)
mod.obj : error LNK2001: 无法解析的外部符号 "public: struct SystemAddress __cdecl RakPeer::getSystemAddress(struct NetworkIdentifier *)" (?getSystemAddress@RakPeer@@QEAA?AUSystemAddress@@PEAUNetworkIdentifier@@@Z)
mod.obj : error LNK2001: 无法解析的外部符号 "public: short __cdecl BlockLegacy::getBlockItemID(void)" (?getBlockItemID@BlockLegacy@@QEAAFXZ)
mod.obj : error LNK2001: 无法解析的外部符号 "public: class std::basic_string<char,struct std::char_traits<char>,class std::allocator<char> > __cdecl BlockLegacy::getBlockName(void)" (?getBlockName@BlockLegacy@@QEAA?AV?$basic_string@DU?$char_traits@D@std@@V?$allocator@D@2@@std@@XZ)
mod.obj : error LNK2001: 无法解析的外部符号 "public: void __cdecl StructureTemplate::placeInWorld(struct BlockSource *,struct BlockPalette *,struct BlockPos *,struct StructureSettings *)" (?placeInWorld@StructureTemplate@@QEAAXPEAUBlockSource@@PEAUBlockPalette@@PEAUBlockPos@@PEAUStructureSettings@@@Z)
mod.obj : error LNK2001: 无法解析的外部符号 "public: void __cdecl StructureTemplate::fillFromWorld(struct BlockSource *,struct BlockPos *,struct StructureSettings *)" (?fillFromWorld@StructureTemplate@@QEAAXPEAUBlockSource@@PEAUBlockPos@@PEAUStructureSettings@@@Z)
mod.obj : error LNK2001: 无法解析的外部符号 "public: void __cdecl StructureTemplate::fromJson(class nlohmann::basic_json<class std::map,class std::vector,class std::basic_string<char,struct std::char_traits<char>,class std::allocator<char> >,bool,__int64,unsigned __int64,double,class std::allocator,struct nlohmann::adl_serializer,class std::vector<unsigned char,class std::allocator<unsigned char> > > const &)" (?fromJson@StructureTemplate@@QEAAXAEBV?$basic_json@Vmap@std@@Vvector@2@V?$basic_string@DU?$char_traits@D@std@@V?$allocator@D@2@@2@_N_J_KNVallocator@2@Uadl_serializer@nlohmann@@V?$vector@EV?$allocator@E@std@@@2@@nlohmann@@@Z)
mod.obj : error LNK2001: 无法解析的外部符号 "public: struct Tag * __cdecl StructureTemplate::save(void)" (?save@StructureTemplate@@QEAAPEAUTag@@XZ)
mod.obj : error LNK2001: 无法解析的外部符号 "public: __cdecl StructureTemplate::~StructureTemplate(void)" (??1StructureTemplate@@QEAA@XZ)
mod.obj : error LNK2001: 无法解析的外部符号 "public: __cdecl StructureTemplate::StructureTemplate(struct span<char> const &)" (??0StructureTemplate@@QEAA@AEBU?$span@D@@@Z)
mod.obj : error LNK2001: 无法解析的外部符号 "public: class std::basic_string<char,struct std::char_traits<char>,class std::allocator<char> > __cdecl SystemAddress::toString(void)" (?toString@SystemAddress@@QEAA?AV?$basic_string@DU?$char_traits@D@std@@V?$allocator@D@2@@std@@XZ)
mod.obj : error LNK2001: 无法解析的外部符号 "public: struct BlockLegacy * __cdecl Block::getBlockLegacy(void)" (?getBlockLegacy@Block@@QEAAPEAUBlockLegacy@@XZ)
mod.obj : error LNK2001: 无法解析的外部符号 "public: __cdecl StructureSettings::~StructureSettings(void)" (??1StructureSettings@@QEAA@XZ)
mod.obj : error LNK2001: 无法解析的外部符号 "public: __cdecl StructureSettings::StructureSettings(struct BlockPos *,bool,bool)" (??0StructureSettings@@QEAA@PEAUBlockPos@@_N1@Z)
mod.obj : error LNK2001: 无法解析的外部符号 "public: __cdecl ScorePacketInfo::ScorePacketInfo(struct ScoreboardId *,unsigned int,class std::basic_string<char,struct std::char_traits<char>,class std::allocator<char> > const &)" (??0ScorePacketInfo@@QEAA@PEAUScoreboardId@@IAEBV?$basic_string@DU?$char_traits@D@std@@V?$allocator@D@2@@std@@@Z)
mod.obj : error LNK2001: 无法解析的外部符号 "public: struct BlockPalette * __cdecl Level::getBlockPalette(void)" (?getBlockPalette@Level@@QEAAPEAUBlockPalette@@XZ)
mod.obj : error LNK2001: 无法解析的外部符号 "public: class std::vector<struct Player *,class std::allocator<struct Player *> > __cdecl Level::getAllPlayers(void)" (?getAllPlayers@Level@@QEAA?AV?$vector@PEAUPlayer@@V?$allocator@PEAUPlayer@@@std@@@std@@XZ)
mod.obj : error LNK2001: 无法解析的外部符号 "public: struct Player * __cdecl Level::getPlayerByXuid(class std::basic_string<char,struct std::char_traits<char>,class std::allocator<char> > const &)" (?getPlayerByXuid@Level@@QEAAPEAUPlayer@@AEBV?$basic_string@DU?$char_traits@D@std@@V?$allocator@D@2@@std@@@Z)
mod.obj : error LNK2001: 无法解析的外部符号 "public: struct Actor * __cdecl Level::fetchEntity(unsigned __int64)" (?fetchEntity@Level@@QEAAPEAUActor@@_K@Z)
mod.obj : error LNK2001: 无法解析的外部符号 "public: struct BlockSource * __cdecl Level::getBlockSource(int)" (?getBlockSource@Level@@QEAAPEAUBlockSource@@H@Z)
mod.obj : error LNK2001: 无法解析的外部符号 "public: void __cdecl ItemStack::fromJson(class nlohmann::basic_json<class std::map,class std::vector,class std::basic_string<char,struct std::char_traits<char>,class std::allocator<char> >,bool,__int64,unsigned __int64,double,class std::allocator,struct nlohmann::adl_serializer,class std::vector<unsigned char,class std::allocator<unsigned char> > > const &)" (?fromJson@ItemStack@@QEAAXAEBV?$basic_json@Vmap@std@@Vvector@2@V?$basic_string@DU?$char_traits@D@std@@V?$allocator@D@2@@2@_N_J_KNVallocator@2@Uadl_serializer@nlohmann@@V?$vector@EV?$allocator@E@std@@@2@@nlohmann@@@Z)
mod.obj : error LNK2001: 无法解析的外部符号 "public: struct Tag * __cdecl ItemStack::save(void)" (?save@ItemStack@@QEAAPEAUTag@@XZ)
mod.obj : error LNK2001: 无法解析的外部符号 "public: class std::basic_string<char,struct std::char_traits<char>,class std::allocator<char> > __cdecl ItemStack::getName(void)" (?getName@ItemStack@@QEAA?AV?$basic_string@DU?$char_traits@D@std@@V?$allocator@D@2@@std@@XZ)
mod.obj : error LNK2001: 无法解析的外部符号 "public: short __cdecl ItemStack::getId(void)" (?getId@ItemStack@@QEAAFXZ)
mod.obj : error LNK2001: 无法解析的外部符号 "public: struct ScoreInfo * __cdecl Objective::getPlayerScore(struct ScoreboardId *)" (?getPlayerScore@Objective@@QEAAPEAUScoreInfo@@PEAUScoreboardId@@@Z)
mod.obj : error LNK2001: 无法解析的外部符号 "public: class std::basic_string<char,struct std::char_traits<char>,class std::allocator<char> > __cdecl Objective::getScoreDisplayName(void)" (?getScoreDisplayName@Objective@@QEAA?AV?$basic_string@DU?$char_traits@D@std@@V?$allocator@D@2@@std@@XZ)
mod.obj : error LNK2001: 无法解析的外部符号 "public: class std::basic_string<char,struct std::char_traits<char>,class std::allocator<char> > __cdecl Objective::getScoreName(void)" (?getScoreName@Objective@@QEAA?AV?$basic_string@DU?$char_traits@D@std@@V?$allocator@D@2@@std@@XZ)
mod.obj : error LNK2001: 无法解析的外部符号 "public: void __cdecl Container::clearItem(int,int)" (?clearItem@Container@@QEAAXHH@Z)
mod.obj : error LNK2001: 无法解析的外部符号 "public: class std::vector<struct ItemStack *,class std::allocator<struct ItemStack *> > __cdecl Container::getSlots(void)" (?getSlots@Container@@QEAA?AV?$vector@PEAUItemStack@@V?$allocator@PEAUItemStack@@@std@@@std@@XZ)
mod.obj : error LNK2001: 无法解析的外部符号 "public: int __cdecl ScoreInfo::getCount(void)" (?getCount@ScoreInfo@@QEAAHXZ)
..\..\BDS\bdxcore_mod\BDSpyrunner.dll : fatal error LNK1120: 76 个无法解析的外部命令
